# JRE version: Java(TM) SE Runtime Environment (13.0.2+8) (build 13.0.2+8)
# Java VM: Java HotSpot(TM) 64-Bit Server VM (13.0.2+8, mixed mode, sharing, tiered, compressed oops, g1 gc, windows-amd64)
Heap:
 garbage-first heap   total 122880K, used 25681K [0x0000000088a00000, 0x0000000100000000)
  region size 1024K, 24 young (24576K), 2 survivors (2048K)
 Metaspace       used 10522K, capacity 12729K, committed 12928K, reserved 1060864K
  class space    used 1278K, capacity 1575K, committed 1664K, reserved 1048576K
GC Heap History (8 events):
Event: 1.046 GC heap before
{Heap before GC invocations=0 (full 0):
 garbage-first heap   total 122880K, used 6144K [0x0000000088a00000, 0x0000000100000000)
  region size 1024K, 7 young (7168K), 0 survivors (0K)
 Metaspace       used 2181K, capacity 5632K, committed 5760K, reserved 1056768K
  class space    used 187K, capacity 538K, committed 640K, reserved 1048576K
}
Event: 1.063 GC heap after
{Heap after GC invocations=1 (full 0):
 garbage-first heap   total 122880K, used 2098K [0x0000000088a00000, 0x0000000100000000)
  region size 1024K, 1 young (1024K), 1 survivors (1024K)
 Metaspace       used 2181K, capacity 5632K, committed 5760K, reserved 1056768K
  class space    used 187K, capacity 538K, committed 640K, reserved 1048576K
}
Event: 1.754 GC heap before
{Heap before GC invocations=1 (full 0):
 garbage-first heap   total 122880K, used 7218K [0x0000000088a00000, 0x0000000100000000)
  region size 1024K, 6 young (6144K), 1 survivors (1024K)
 Metaspace       used 3170K, capacity 6300K, committed 6656K, reserved 1056768K
  class space    used 314K, capacity 657K, committed 768K, reserved 1048576K
}
Event: 1.758 GC heap after
{Heap after GC invocations=2 (full 0):
 garbage-first heap   total 122880K, used 3119K [0x0000000088a00000, 0x0000000100000000)
  region size 1024K, 1 young (1024K), 1 survivors (1024K)
 Metaspace       used 3170K, capacity 6300K, committed 6656K, reserved 1056768K
  class space    used 314K, capacity 657K, committed 768K, reserved 1048576K
}
Event: 3.263 GC heap before
{Heap before GC invocations=2 (full 0):
 garbage-first heap   total 122880K, used 16431K [0x0000000088a00000, 0x0000000100000000)
  region size 1024K, 14 young (14336K), 1 survivors (1024K)
 Metaspace       used 5204K, capacity 7816K, committed 8064K, reserved 1056768K
  class space    used 607K, capacity 885K, committed 896K, reserved 1048576K
}
Event: 3.269 GC heap after
{Heap after GC invocations=3 (full 0):
 garbage-first heap   total 122880K, used 3748K [0x0000000088a00000, 0x0000000100000000)
  region size 1024K, 2 young (2048K), 2 survivors (2048K)
 Metaspace       used 5204K, capacity 7816K, committed 8064K, reserved 1056768K
  class space    used 607K, capacity 885K, committed 896K, reserved 1048576K
}
Event: 4.736 GC heap before
{Heap before GC invocations=3 (full 0):
 garbage-first heap   total 122880K, used 22180K [0x0000000088a00000, 0x0000000100000000)
  region size 1024K, 20 young (20480K), 2 survivors (2048K)
 Metaspace       used 7287K, capacity 9610K, committed 9856K, reserved 1058816K
  class space    used 847K, capacity 1116K, committed 1152K, reserved 1048576K
}
Event: 4.744 GC heap after
{Heap after GC invocations=4 (full 0):
 garbage-first heap   total 122880K, used 4177K [0x0000000088a00000, 0x0000000100000000)
  region size 1024K, 2 young (2048K), 2 survivors (2048K)
 Metaspace       used 7287K, capacity 9610K, committed 9856K, reserved 1058816K
  class space    used 847K, capacity 1116K, committed 1152K, reserved 1048576K
}

