# JRE version: Java(TM) SE Runtime Environment (13.0.2+8) (build 13.0.2+8)
# Java VM: Java HotSpot(TM) 64-Bit Server VM (13.0.2+8, mixed mode, sharing, tiered, compressed oops, g1 gc, windows-amd64)
Heap:
 garbage-first heap   total 122880K, used 11264K [0x0000000088a00000, 0x0000000100000000)
  region size 1024K, 3 young (3072K), 2 survivors (2048K)
 Metaspace       used 15956K, capacity 16371K, committed 16640K, reserved 1064960K
  class space    used 1806K, capacity 1996K, committed 2048K, reserved 1048576K
GC Heap History (6 events):
Event: 3.251 GC heap before
{Heap before GC invocations=0 (full 0):
 garbage-first heap   total 122880K, used 6144K [0x0000000088a00000, 0x0000000100000000)
  region size 1024K, 7 young (7168K), 0 survivors (0K)
 Metaspace       used 10079K, capacity 10388K, committed 10624K, reserved 1058816K
  class space    used 1185K, capacity 1297K, committed 1408K, reserved 1048576K
}
Event: 3.576 GC heap after
{Heap after GC invocations=1 (full 0):
 garbage-first heap   total 122880K, used 2684K [0x0000000088a00000, 0x0000000100000000)
  region size 1024K, 1 young (1024K), 1 survivors (1024K)
 Metaspace       used 10079K, capacity 10388K, committed 10624K, reserved 1058816K
  class space    used 1185K, capacity 1297K, committed 1408K, reserved 1048576K
}
Event: 4.672 GC heap before
{Heap before GC invocations=1 (full 0):
 garbage-first heap   total 122880K, used 6780K [0x0000000088a00000, 0x0000000100000000)
  region size 1024K, 6 young (6144K), 1 survivors (1024K)
 Metaspace       used 12414K, capacity 12736K, committed 12928K, reserved 1060864K
  class space    used 1422K, capacity 1589K, committed 1664K, reserved 1048576K
}
Event: 4.681 GC heap after
{Heap after GC invocations=2 (full 0):
 garbage-first heap   total 122880K, used 4746K [0x0000000088a00000, 0x0000000100000000)
  region size 1024K, 1 young (1024K), 1 survivors (1024K)
 Metaspace       used 12414K, capacity 12736K, committed 12928K, reserved 1060864K
  class space    used 1422K, capacity 1589K, committed 1664K, reserved 1048576K
}
Event: 8.804 GC heap before
{Heap before GC invocations=2 (full 0):
 garbage-first heap   total 122880K, used 12938K [0x0000000088a00000, 0x0000000100000000)
  region size 1024K, 10 young (10240K), 1 survivors (1024K)
 Metaspace       used 15741K, capacity 16140K, committed 16384K, reserved 1062912K
  class space    used 1791K, capacity 1961K, committed 2048K, reserved 1048576K
}
Event: 8.814 GC heap after
{Heap after GC invocations=3 (full 0):
 garbage-first heap   total 122880K, used 7168K [0x0000000088a00000, 0x0000000100000000)
  region size 1024K, 2 young (2048K), 2 survivors (2048K)
 Metaspace       used 15741K, capacity 16140K, committed 16384K, reserved 1062912K
  class space    used 1791K, capacity 1961K, committed 2048K, reserved 1048576K
}

