# JRE version: Java(TM) SE Runtime Environment (13.0.2+8) (build 13.0.2+8)
# Java VM: Java HotSpot(TM) 64-Bit Server VM (13.0.2+8, mixed mode, sharing, tiered, compressed oops, g1 gc, windows-amd64)
Heap:
 garbage-first heap   total 122880K, used 24611K [0x0000000088a00000, 0x0000000100000000)
  region size 1024K, 23 young (23552K), 2 survivors (2048K)
 Metaspace       used 10486K, capacity 12729K, committed 12928K, reserved 1060864K
  class space    used 1278K, capacity 1575K, committed 1664K, reserved 1048576K
GC Heap History (8 events):
Event: 1.346 GC heap before
{Heap before GC invocations=0 (full 0):
 garbage-first heap   total 122880K, used 6144K [0x0000000088a00000, 0x0000000100000000)
  region size 1024K, 7 young (7168K), 0 survivors (0K)
 Metaspace       used 2177K, capacity 5632K, committed 5760K, reserved 1056768K
  class space    used 187K, capacity 538K, committed 640K, reserved 1048576K
}
Event: 1.417 GC heap after
{Heap after GC invocations=1 (full 0):
 garbage-first heap   total 122880K, used 2098K [0x0000000088a00000, 0x0000000100000000)
  region size 1024K, 1 young (1024K), 1 survivors (1024K)
 Metaspace       used 2177K, capacity 5632K, committed 5760K, reserved 1056768K
  class space    used 187K, capacity 538K, committed 640K, reserved 1048576K
}
Event: 2.094 GC heap before
{Heap before GC invocations=1 (full 0):
 garbage-first heap   total 122880K, used 7218K [0x0000000088a00000, 0x0000000100000000)
  region size 1024K, 6 young (6144K), 1 survivors (1024K)
 Metaspace       used 3162K, capacity 6300K, committed 6656K, reserved 1056768K
  class space    used 314K, capacity 657K, committed 768K, reserved 1048576K
}
Event: 2.100 GC heap after
{Heap after GC invocations=2 (full 0):
 garbage-first heap   total 122880K, used 3074K [0x0000000088a00000, 0x0000000100000000)
  region size 1024K, 1 young (1024K), 1 survivors (1024K)
 Metaspace       used 3162K, capacity 6300K, committed 6656K, reserved 1056768K
  class space    used 314K, capacity 657K, committed 768K, reserved 1048576K
}
Event: 3.096 GC heap before
{Heap before GC invocations=2 (full 0):
 garbage-first heap   total 122880K, used 16386K [0x0000000088a00000, 0x0000000100000000)
  region size 1024K, 14 young (14336K), 1 survivors (1024K)
 Metaspace       used 5199K, capacity 7816K, committed 8064K, reserved 1056768K
  class space    used 607K, capacity 885K, committed 896K, reserved 1048576K
}
Event: 3.102 GC heap after
{Heap after GC invocations=3 (full 0):
 garbage-first heap   total 122880K, used 3682K [0x0000000088a00000, 0x0000000100000000)
  region size 1024K, 2 young (2048K), 2 survivors (2048K)
 Metaspace       used 5199K, capacity 7816K, committed 8064K, reserved 1056768K
  class space    used 607K, capacity 885K, committed 896K, reserved 1048576K
}
Event: 4.238 GC heap before
{Heap before GC invocations=3 (full 0):
 garbage-first heap   total 122880K, used 22114K [0x0000000088a00000, 0x0000000100000000)
  region size 1024K, 20 young (20480K), 2 survivors (2048K)
 Metaspace       used 7306K, capacity 9674K, committed 9856K, reserved 1058816K
  class space    used 852K, capacity 1116K, committed 1152K, reserved 1048576K
}
Event: 4.245 GC heap after
{Heap after GC invocations=4 (full 0):
 garbage-first heap   total 122880K, used 4131K [0x0000000088a00000, 0x0000000100000000)
  region size 1024K, 2 young (2048K), 2 survivors (2048K)
 Metaspace       used 7306K, capacity 9674K, committed 9856K, reserved 1058816K
  class space    used 852K, capacity 1116K, committed 1152K, reserved 1048576K
}

